<?xml version="1.0" encoding="UTF-8"?>
<!-- Generated by org.testng.reporters.JUnitXMLReporter -->
<testsuite hostname="LAPTOP-N9UP1OBF" ignored="0" tests="4" failures="0" timestamp="24 May 2023 16:32:55 GMT" time="67.738" errors="0">
  <testcase name="login" time="5.569" classname="task"/>
  <testcase name="AnalyticsandReports" time="16.29" classname="task"/>
  <testcase name="Addstudentdata" time="34.573" classname="task"/>
  <testcase name="Editdata" time="4.885" classname="task"/>
</testsuite>
