<?xml version="1.0" encoding="UTF-8"?>
<!-- Generated by org.testng.reporters.JUnitXMLReporter -->
<testsuite hostname="LAPTOP-N9UP1OBF" ignored="0" tests="4" failures="0" timestamp="29 May 2023 05:58:27 GMT" time="77.862" errors="0">
  <testcase name="login" time="5.55" classname="task"/>
  <testcase name="AnalyticsandReports" time="17.321" classname="task"/>
  <testcase name="Addstudentdata" time="34.768" classname="task"/>
  <testcase name="Editdata" time="4.6" classname="task"/>
</testsuite>
