<?xml version="1.0" encoding="UTF-8"?>
<testng-results skipped="0" failed="0" ignored="0" total="4" passed="4">
  <reporter-output>
  </reporter-output>
  <suite name="Default suite" duration-ms="67738" started-at="2023-05-24T16:31:48Z" finished-at="2023-05-24T16:32:55Z">
    <groups>
    </groups>
    <test name="Default test" duration-ms="67738" started-at="2023-05-24T16:31:48Z" finished-at="2023-05-24T16:32:55Z">
      <class name="task">
        <test-method status="PASS" signature="lanuch()[pri:0, instance:task@15eb5ee5]" name="lanuch" is-config="true" duration-ms="6363" started-at="2023-05-24T16:31:48Z" finished-at="2023-05-24T16:31:54Z">
          <reporter-output>
          </reporter-output>
        </test-method> <!-- lanuch -->
        <test-method status="PASS" signature="login()[pri:1, instance:task@15eb5ee5]" name="login" duration-ms="5569" started-at="2023-05-24T16:31:54Z" finished-at="2023-05-24T16:31:59Z">
          <reporter-output>
          </reporter-output>
        </test-method> <!-- login -->
        <test-method status="PASS" signature="AnalyticsandReports()[pri:2, instance:task@15eb5ee5]" name="AnalyticsandReports" duration-ms="16290" started-at="2023-05-24T16:31:59Z" finished-at="2023-05-24T16:32:16Z">
          <reporter-output>
          </reporter-output>
        </test-method> <!-- AnalyticsandReports -->
        <test-method status="PASS" signature="Addstudentdata()[pri:3, instance:task@15eb5ee5]" name="Addstudentdata" duration-ms="34573" started-at="2023-05-24T16:32:16Z" finished-at="2023-05-24T16:32:50Z">
          <reporter-output>
          </reporter-output>
        </test-method> <!-- Addstudentdata -->
        <test-method status="PASS" signature="Editdata()[pri:4, instance:task@15eb5ee5]" name="Editdata" duration-ms="4885" started-at="2023-05-24T16:32:50Z" finished-at="2023-05-24T16:32:55Z">
          <reporter-output>
          </reporter-output>
        </test-method> <!-- Editdata -->
      </class> <!-- task -->
    </test> <!-- Default test -->
  </suite> <!-- Default suite -->
</testng-results>
